<?xml version="1.0" encoding="UTF-8"?>
<testng-results ignored="0" total="2" passed="2" failed="0" skipped="0">
  <reporter-output>
  </reporter-output>
  <suite started-at="2020-07-17T23:10:27 GMT-04:00" name="Suite1" finished-at="2020-07-17T23:10:42 GMT-04:00" duration-ms="14505">
    <groups>
    </groups>
    <test started-at="2020-07-17T23:10:27 GMT-04:00" name="Test1" finished-at="2020-07-17T23:10:42 GMT-04:00" duration-ms="14505">
      <class name="Pages.Continue_PageObjectModel">
        <test-method is-config="true" signature="browser(java.lang.String, java.lang.String)[pri:0, instance:Pages.Continue_PageObjectModel@13b13b5d]" started-at="2020-07-17T23:10:27 GMT-04:00" name="browser" finished-at="2020-07-17T23:10:35 GMT-04:00" duration-ms="8172" status="PASS">
          <params>
            <param index="0">
              <value>
                <![CDATA[chrome]]>
              </value>
            </param>
            <param index="1">
              <value>
                <![CDATA[https://www.facebook.com]]>
              </value>
            </param>
          </params>
          <reporter-output>
          </reporter-output>
        </test-method> <!-- browser -->
        <test-method signature="f()[pri:0, instance:Pages.Continue_PageObjectModel@13b13b5d]" started-at="2020-07-17T23:10:35 GMT-04:00" name="f" finished-at="2020-07-17T23:10:38 GMT-04:00" duration-ms="2225" status="PASS">
          <reporter-output>
          </reporter-output>
        </test-method> <!-- f -->
        <test-method signature="forgotL()[pri:0, instance:Pages.Continue_PageObjectModel@13b13b5d]" started-at="2020-07-17T23:10:38 GMT-04:00" name="forgotL" finished-at="2020-07-17T23:10:41 GMT-04:00" duration-ms="3730" status="PASS">
          <reporter-output>
          </reporter-output>
        </test-method> <!-- forgotL -->
        <test-method is-config="true" signature="afterClass()[pri:0, instance:Pages.Continue_PageObjectModel@13b13b5d]" started-at="2020-07-17T23:10:41 GMT-04:00" name="afterClass" finished-at="2020-07-17T23:10:42 GMT-04:00" duration-ms="281" status="PASS">
          <reporter-output>
          </reporter-output>
        </test-method> <!-- afterClass -->
      </class> <!-- Pages.Continue_PageObjectModel -->
    </test> <!-- Test1 -->
  </suite> <!-- Suite1 -->
</testng-results>
