<?xml version="1.0" encoding="UTF-8"?>
<testng-results ignored="0" total="1" passed="1" failed="0" skipped="0">
  <reporter-output>
  </reporter-output>
  <suite started-at="2020-07-10T23:34:29 GMT-04:00" name="Default suite" finished-at="2020-07-10T23:34:57 GMT-04:00" duration-ms="28375">
    <groups>
    </groups>
    <test started-at="2020-07-10T23:34:29 GMT-04:00" name="Default test" finished-at="2020-07-10T23:34:57 GMT-04:00" duration-ms="28375">
      <class name="TestNG.testNG_Practice.Assignment_July1120">
        <test-method is-config="true" signature="beforeClass()[pri:0, instance:TestNG.testNG_Practice.Assignment_July1120@50caa560]" started-at="2020-07-10T23:34:29 GMT-04:00" name="beforeClass" finished-at="2020-07-10T23:34:38 GMT-04:00" duration-ms="8504" status="PASS">
          <reporter-output>
          </reporter-output>
        </test-method> <!-- beforeClass -->
        <test-method is-config="true" signature="beforeMethod()[pri:0, instance:TestNG.testNG_Practice.Assignment_July1120@50caa560]" started-at="2020-07-10T23:34:38 GMT-04:00" name="beforeMethod" finished-at="2020-07-10T23:34:38 GMT-04:00" duration-ms="0" status="PASS">
          <reporter-output>
          </reporter-output>
        </test-method> <!-- beforeMethod -->
        <test-method signature="f()[pri:0, instance:TestNG.testNG_Practice.Assignment_July1120@50caa560]" started-at="2020-07-10T23:34:38 GMT-04:00" name="f" finished-at="2020-07-10T23:34:42 GMT-04:00" duration-ms="4469" status="PASS">
          <reporter-output>
          </reporter-output>
        </test-method> <!-- f -->
        <test-method is-config="true" signature="afterMethod()[pri:0, instance:TestNG.testNG_Practice.Assignment_July1120@50caa560]" started-at="2020-07-10T23:34:42 GMT-04:00" name="afterMethod" finished-at="2020-07-10T23:34:42 GMT-04:00" duration-ms="0" status="PASS">
          <reporter-output>
          </reporter-output>
        </test-method> <!-- afterMethod -->
        <test-method is-config="true" signature="afterClass()[pri:0, instance:TestNG.testNG_Practice.Assignment_July1120@50caa560]" started-at="2020-07-10T23:34:42 GMT-04:00" name="afterClass" finished-at="2020-07-10T23:34:57 GMT-04:00" duration-ms="15338" status="PASS">
          <reporter-output>
          </reporter-output>
        </test-method> <!-- afterClass -->
      </class> <!-- TestNG.testNG_Practice.Assignment_July1120 -->
    </test> <!-- Default test -->
  </suite> <!-- Default suite -->
</testng-results>
